<?xml version="1.0" encoding="UTF-8"?>
<testng-results skipped="0" failed="0" ignored="0" total="1" passed="1">
  <reporter-output>
  </reporter-output>
  <suite name="Suite" duration-ms="31" started-at="2017-11-12T16:45:47Z" finished-at="2017-11-12T16:45:47Z">
    <groups>
    </groups>
    <test name="Testbar" duration-ms="31" started-at="2017-11-12T16:45:47Z" finished-at="2017-11-12T16:45:47Z">
      <class name="day1.Printsample">
        <test-method status="PASS" signature="f()[pri:0, instance:day1.Printsample@2f7a2457]" name="f" duration-ms="16" started-at="2017-11-12T22:15:47Z" finished-at="2017-11-12T22:15:47Z">
          <reporter-output>
          </reporter-output>
        </test-method> <!-- f -->
      </class> <!-- day1.Printsample -->
    </test> <!-- Testbar -->
  </suite> <!-- Suite -->
</testng-results>
